  Hw3.cpp
F:\repo\Direct2D\Direct2D-Game-Progect\Hw3.cpp(36): warning C4244: '인수': 'time_t'에서 'unsigned int'(으)로 변환하면서 데이터가 손실될 수 있습니다.
F:\repo\Direct2D\Direct2D-Game-Progect\Hw3.cpp(487): warning C4456: 'rtSize' 선언은 이전 로컬 선언을 숨깁니다.
  F:\repo\Direct2D\Direct2D-Game-Progect\Hw3.cpp(468): note: 'rtSize' 선언을 참조하십시오.
F:\repo\Direct2D\Direct2D-Game-Progect\Hw3.cpp(557): warning C4456: 'size' 선언은 이전 로컬 선언을 숨깁니다.
  F:\repo\Direct2D\Direct2D-Game-Progect\Hw3.cpp(494): note: 'size' 선언을 참조하십시오.
F:\repo\Direct2D\Direct2D-Game-Progect\Hw3.cpp(606): warning C4456: 'size' 선언은 이전 로컬 선언을 숨깁니다.
  F:\repo\Direct2D\Direct2D-Game-Progect\Hw3.cpp(494): note: 'size' 선언을 참조하십시오.
F:\repo\Direct2D\Direct2D-Game-Progect\Hw3.cpp(648): warning C4996: '_swprintf': This function or variable may be unsafe. Consider using swprintf_s instead. To disable deprecation, use _CRT_SECURE_NO_WARNINGS. See online help for details.
  C:\Program Files (x86)\Windows Kits\10\Include\10.0.17763.0\ucrt\corecrt_wstdio.h(1446): note: '_swprintf' 선언을 참조하십시오.
F:\repo\Direct2D\Direct2D-Game-Progect\Hw3.cpp(462): warning C4101: 'text2' :참조되지 않은 지역 변수입니다.
F:\repo\Direct2D\Direct2D-Game-Progect\Hw3.cpp(558): warning C4189: 'translation_size': 지역 변수가 초기화되었으나 참조되지 않았습니다.
F:\repo\Direct2D\Direct2D-Game-Progect\Hw3.cpp(607): warning C4189: 'translation_size': 지역 변수가 초기화되었으나 참조되지 않았습니다.
F:\repo\Direct2D\Direct2D-Game-Progect\Hw3.cpp(702): warning C4101: 'hr' :참조되지 않은 지역 변수입니다.
F:\repo\Direct2D\Direct2D-Game-Progect\Hw3.cpp(1100): warning C4305: '+=': 'double'에서 'float'(으)로 잘립니다.
  코드를 생성하고 있습니다.
  1 of 537 functions ( 0.2%) were compiled, the rest were copied from previous compilation.
    0 functions were new in current compilation
    1 functions had inline decision re-evaluated but remain unchanged
  코드를 생성했습니다.
  MultipleTransforms.vcxproj -> F:\repo\Direct2D\Direct2D-Game-Progect\Release\HW3.exe
